<?xml version="1.0" encoding="UTF-8"?>
<testng-results skipped="0" failed="0" ignored="0" total="1" passed="1">
  <reporter-output>
  </reporter-output>
  <suite name="Default suite" duration-ms="131394" started-at="2017-02-08T22:49:05Z" finished-at="2017-02-08T22:51:17Z">
    <groups>
    </groups>
    <test name="Default test" duration-ms="131394" started-at="2017-02-08T22:49:05Z" finished-at="2017-02-08T22:51:17Z">
      <class name="MobileAuto.AutomationTestsiOS.Test1">
        <test-method status="PASS" signature="setup()[pri:0, instance:MobileAuto.AutomationTestsiOS.Test1@3fee9989]" name="setup" is-config="true" duration-ms="81583" started-at="2017-02-09T04:19:05Z" finished-at="2017-02-09T04:20:27Z">
          <reporter-output>
          </reporter-output>
        </test-method> <!-- setup -->
        <test-method status="PASS" signature="SearchItem()[pri:0, instance:MobileAuto.AutomationTestsiOS.Test1@3fee9989]" name="SearchItem" duration-ms="49788" started-at="2017-02-09T04:20:27Z" finished-at="2017-02-09T04:21:17Z">
          <reporter-output>
          </reporter-output>
        </test-method> <!-- SearchItem -->
        <test-method status="PASS" signature="tearDown()[pri:0, instance:MobileAuto.AutomationTestsiOS.Test1@3fee9989]" name="tearDown" is-config="true" duration-ms="1" started-at="2017-02-09T04:21:17Z" finished-at="2017-02-09T04:21:17Z">
          <reporter-output>
          </reporter-output>
        </test-method> <!-- tearDown -->
      </class> <!-- MobileAuto.AutomationTestsiOS.Test1 -->
    </test> <!-- Default test -->
  </suite> <!-- Default suite -->
</testng-results>
