<?xml version="1.0" encoding="UTF-8"?>
<testng-results skipped="0" failed="0" ignored="0" total="1" passed="1">
  <reporter-output>
  </reporter-output>
  <suite name="Default suite" duration-ms="264247" started-at="2017-02-15T18:35:25Z" finished-at="2017-02-15T18:39:49Z">
    <groups>
    </groups>
    <test name="Default test" duration-ms="264247" started-at="2017-02-15T18:35:25Z" finished-at="2017-02-15T18:39:49Z">
      <class name="MobileAuto.AutomationTestsiOS.Test2RealDevice">
        <test-method status="PASS" signature="setup()[pri:0, instance:MobileAuto.AutomationTestsiOS.Test2RealDevice@17579e0f]" name="setup" is-config="true" duration-ms="131352" started-at="2017-02-16T00:05:25Z" finished-at="2017-02-16T00:07:36Z">
          <reporter-output>
          </reporter-output>
        </test-method> <!-- setup -->
        <test-method status="PASS" signature="InShorts()[pri:0, instance:MobileAuto.AutomationTestsiOS.Test2RealDevice@17579e0f]" name="InShorts" duration-ms="132736" started-at="2017-02-16T00:07:36Z" finished-at="2017-02-16T00:09:49Z">
          <reporter-output>
          </reporter-output>
        </test-method> <!-- InShorts -->
      </class> <!-- MobileAuto.AutomationTestsiOS.Test2RealDevice -->
    </test> <!-- Default test -->
  </suite> <!-- Default suite -->
</testng-results>
